{"C:\\Users\\KIIT\\versopedia\\app.js": {"path":"C:\\Users\\KIIT\\versopedia\\app.js","statementMap":{"0":{"start":{"line":1,"column":16},"end":{"line":1,"column":34}},"1":{"start":{"line":2,"column":13},"end":{"line":2,"column":28}},"2":{"start":{"line":4,"column":19},"end":{"line":4,"column":49}},"3":{"start":{"line":5,"column":25},"end":{"line":5,"column":61}},"4":{"start":{"line":7,"column":12},"end":{"line":7,"column":21}},"5":{"start":{"line":9,"column":0},"end":{"line":9,"column":16}},"6":{"start":{"line":10,"column":0},"end":{"line":10,"column":24}},"7":{"start":{"line":12,"column":0},"end":{"line":12,"column":34}},"8":{"start":{"line":13,"column":0},"end":{"line":13,"column":46}},"9":{"start":{"line":15,"column":0},"end":{"line":15,"column":21}}},"fnMap":{},"branchMap":{},"s":{"0":3,"1":3,"2":3,"3":3,"4":3,"5":3,"6":3,"7":3,"8":3,"9":3},"f":{},"b":{},"_coverageSchema":"1a1c01bbd47fc00a2c39e90264f33305004495a9","hash":"d50bd7c0e62c3a76d259758ffce74beac8a54727"}
,"C:\\Users\\KIIT\\versopedia\\controllers\\poemController.js": {"path":"C:\\Users\\KIIT\\versopedia\\controllers\\poemController.js","statementMap":{"0":{"start":{"line":1,"column":25},"end":{"line":1,"column":50}},"1":{"start":{"line":2,"column":15},"end":{"line":2,"column":33}},"2":{"start":{"line":5,"column":24},"end":{"line":26,"column":1}},"3":{"start":{"line":6,"column":16},"end":{"line":6,"column":54}},"4":{"start":{"line":8,"column":2},"end":{"line":25,"column":3}},"5":{"start":{"line":9,"column":17},"end":{"line":15,"column":6}},"6":{"start":{"line":17,"column":4},"end":{"line":19,"column":5}},"7":{"start":{"line":18,"column":6},"end":{"line":18,"column":75}},"8":{"start":{"line":21,"column":4},"end":{"line":21,"column":19}},"9":{"start":{"line":23,"column":4},"end":{"line":23,"column":57}},"10":{"start":{"line":24,"column":4},"end":{"line":24,"column":52}},"11":{"start":{"line":28,"column":0},"end":{"line":30,"column":2}}},"fnMap":{"0":{"name":"(anonymous_0)","decl":{"start":{"line":5,"column":24},"end":{"line":5,"column":25}},"loc":{"start":{"line":5,"column":44},"end":{"line":26,"column":1}},"line":5}},"branchMap":{"0":{"loc":{"start":{"line":17,"column":4},"end":{"line":19,"column":5}},"type":"if","locations":[{"start":{"line":17,"column":4},"end":{"line":19,"column":5}},{"start":{},"end":{}}],"line":17}},"s":{"0":3,"1":3,"2":3,"3":0,"4":0,"5":0,"6":0,"7":0,"8":0,"9":0,"10":0,"11":3},"f":{"0":0},"b":{"0":[0,0]},"_coverageSchema":"1a1c01bbd47fc00a2c39e90264f33305004495a9","hash":"f34a28f77acfee8e4f1f66cd8858ca80c0de3064"}
,"C:\\Users\\KIIT\\versopedia\\controllers\\reflectionController.js": {"path":"C:\\Users\\KIIT\\versopedia\\controllers\\reflectionController.js","statementMap":{"0":{"start":{"line":1,"column":25},"end":{"line":1,"column":50}},"1":{"start":{"line":2,"column":15},"end":{"line":2,"column":33}},"2":{"start":{"line":5,"column":25},"end":{"line":28,"column":1}},"3":{"start":{"line":6,"column":2},"end":{"line":27,"column":3}},"4":{"start":{"line":7,"column":35},"end":{"line":7,"column":43}},"5":{"start":{"line":9,"column":4},"end":{"line":9,"column":43}},"6":{"start":{"line":11,"column":26},"end":{"line":21,"column":6}},"7":{"start":{"line":23,"column":4},"end":{"line":23,"column":40}},"8":{"start":{"line":25,"column":4},"end":{"line":25,"column":40}},"9":{"start":{"line":26,"column":4},"end":{"line":26,"column":51}},"10":{"start":{"line":31,"column":31},"end":{"line":43,"column":1}},"11":{"start":{"line":32,"column":21},"end":{"line":32,"column":31}},"12":{"start":{"line":33,"column":2},"end":{"line":42,"column":3}},"13":{"start":{"line":34,"column":24},"end":{"line":37,"column":6}},"14":{"start":{"line":38,"column":4},"end":{"line":38,"column":26}},"15":{"start":{"line":40,"column":4},"end":{"line":40,"column":56}},"16":{"start":{"line":41,"column":4},"end":{"line":41,"column":67}},"17":{"start":{"line":46,"column":25},"end":{"line":57,"column":1}},"18":{"start":{"line":47,"column":17},"end":{"line":47,"column":27}},"19":{"start":{"line":48,"column":2},"end":{"line":56,"column":3}},"20":{"start":{"line":49,"column":4},"end":{"line":51,"column":7}},"21":{"start":{"line":52,"column":4},"end":{"line":52,"column":61}},"22":{"start":{"line":54,"column":4},"end":{"line":54,"column":55}},"23":{"start":{"line":55,"column":4},"end":{"line":55,"column":67}},"24":{"start":{"line":59,"column":26},"end":{"line":75,"column":1}},"25":{"start":{"line":60,"column":2},"end":{"line":74,"column":3}},"26":{"start":{"line":61,"column":24},"end":{"line":68,"column":6}},"27":{"start":{"line":70,"column":4},"end":{"line":70,"column":38}},"28":{"start":{"line":72,"column":4},"end":{"line":72,"column":60}},"29":{"start":{"line":73,"column":4},"end":{"line":73,"column":67}},"30":{"start":{"line":77,"column":25},"end":{"line":92,"column":1}},"31":{"start":{"line":78,"column":17},"end":{"line":78,"column":27}},"32":{"start":{"line":79,"column":19},"end":{"line":79,"column":27}},"33":{"start":{"line":81,"column":2},"end":{"line":91,"column":3}},"34":{"start":{"line":82,"column":20},"end":{"line":85,"column":6}},"35":{"start":{"line":87,"column":4},"end":{"line":87,"column":34}},"36":{"start":{"line":89,"column":4},"end":{"line":89,"column":55}},"37":{"start":{"line":90,"column":4},"end":{"line":90,"column":67}},"38":{"start":{"line":96,"column":21},"end":{"line":127,"column":1}},"39":{"start":{"line":97,"column":2},"end":{"line":97,"column":45}},"40":{"start":{"line":99,"column":14},"end":{"line":99,"column":24}},"41":{"start":{"line":100,"column":21},"end":{"line":100,"column":34}},"42":{"start":{"line":101,"column":2},"end":{"line":101,"column":34}},"43":{"start":{"line":103,"column":19},"end":{"line":103,"column":32}},"44":{"start":{"line":104,"column":2},"end":{"line":104,"column":37}},"45":{"start":{"line":106,"column":2},"end":{"line":106,"column":96}},"46":{"start":{"line":108,"column":2},"end":{"line":126,"column":3}},"47":{"start":{"line":109,"column":17},"end":{"line":116,"column":6}},"48":{"start":{"line":118,"column":4},"end":{"line":120,"column":5}},"49":{"start":{"line":119,"column":6},"end":{"line":119,"column":74}},"50":{"start":{"line":122,"column":4},"end":{"line":122,"column":19}},"51":{"start":{"line":124,"column":4},"end":{"line":124,"column":57}},"52":{"start":{"line":125,"column":4},"end":{"line":125,"column":63}},"53":{"start":{"line":131,"column":0},"end":{"line":138,"column":2}}},"fnMap":{"0":{"name":"(anonymous_0)","decl":{"start":{"line":5,"column":25},"end":{"line":5,"column":26}},"loc":{"start":{"line":5,"column":45},"end":{"line":28,"column":1}},"line":5},"1":{"name":"(anonymous_1)","decl":{"start":{"line":31,"column":31},"end":{"line":31,"column":32}},"loc":{"start":{"line":31,"column":51},"end":{"line":43,"column":1}},"line":31},"2":{"name":"(anonymous_2)","decl":{"start":{"line":46,"column":25},"end":{"line":46,"column":26}},"loc":{"start":{"line":46,"column":45},"end":{"line":57,"column":1}},"line":46},"3":{"name":"(anonymous_3)","decl":{"start":{"line":59,"column":26},"end":{"line":59,"column":27}},"loc":{"start":{"line":59,"column":46},"end":{"line":75,"column":1}},"line":59},"4":{"name":"(anonymous_4)","decl":{"start":{"line":77,"column":25},"end":{"line":77,"column":26}},"loc":{"start":{"line":77,"column":45},"end":{"line":92,"column":1}},"line":77},"5":{"name":"(anonymous_5)","decl":{"start":{"line":96,"column":21},"end":{"line":96,"column":22}},"loc":{"start":{"line":96,"column":41},"end":{"line":127,"column":1}},"line":96}},"branchMap":{"0":{"loc":{"start":{"line":118,"column":4},"end":{"line":120,"column":5}},"type":"if","locations":[{"start":{"line":118,"column":4},"end":{"line":120,"column":5}},{"start":{},"end":{}}],"line":118}},"s":{"0":3,"1":3,"2":3,"3":1,"4":1,"5":1,"6":1,"7":1,"8":0,"9":0,"10":3,"11":0,"12":0,"13":0,"14":0,"15":0,"16":0,"17":3,"18":1,"19":1,"20":1,"21":1,"22":0,"23":0,"24":3,"25":1,"26":1,"27":1,"28":0,"29":0,"30":3,"31":1,"32":1,"33":1,"34":1,"35":1,"36":0,"37":0,"38":3,"39":0,"40":0,"41":0,"42":0,"43":0,"44":0,"45":0,"46":0,"47":0,"48":0,"49":0,"50":0,"51":0,"52":0,"53":3},"f":{"0":1,"1":0,"2":1,"3":1,"4":1,"5":0},"b":{"0":[0,0]},"_coverageSchema":"1a1c01bbd47fc00a2c39e90264f33305004495a9","hash":"3c2c8276d69fd3e39d63b9982101221ffa874cfa"}
,"C:\\Users\\KIIT\\versopedia\\routes\\poemRoutes.js": {"path":"C:\\Users\\KIIT\\versopedia\\routes\\poemRoutes.js","statementMap":{"0":{"start":{"line":1,"column":16},"end":{"line":1,"column":34}},"1":{"start":{"line":2,"column":28},"end":{"line":2,"column":68}},"2":{"start":{"line":3,"column":25},"end":{"line":3,"column":50}},"3":{"start":{"line":5,"column":15},"end":{"line":5,"column":31}},"4":{"start":{"line":6,"column":15},"end":{"line":6,"column":33}},"5":{"start":{"line":9,"column":0},"end":{"line":9,"column":38}},"6":{"start":{"line":12,"column":0},"end":{"line":20,"column":3}},"7":{"start":{"line":13,"column":2},"end":{"line":19,"column":3}},"8":{"start":{"line":14,"column":18},"end":{"line":14,"column":46}},"9":{"start":{"line":15,"column":4},"end":{"line":15,"column":32}},"10":{"start":{"line":17,"column":4},"end":{"line":17,"column":53}},"11":{"start":{"line":18,"column":4},"end":{"line":18,"column":61}},"12":{"start":{"line":23,"column":0},"end":{"line":38,"column":3}},"13":{"start":{"line":24,"column":47},"end":{"line":24,"column":55}},"14":{"start":{"line":25,"column":2},"end":{"line":37,"column":3}},"15":{"start":{"line":26,"column":20},"end":{"line":32,"column":6}},"16":{"start":{"line":33,"column":4},"end":{"line":33,"column":34}},"17":{"start":{"line":35,"column":4},"end":{"line":35,"column":53}},"18":{"start":{"line":36,"column":4},"end":{"line":36,"column":61}},"19":{"start":{"line":40,"column":0},"end":{"line":40,"column":24}}},"fnMap":{"0":{"name":"(anonymous_0)","decl":{"start":{"line":12,"column":16},"end":{"line":12,"column":17}},"loc":{"start":{"line":12,"column":36},"end":{"line":20,"column":1}},"line":12},"1":{"name":"(anonymous_1)","decl":{"start":{"line":23,"column":17},"end":{"line":23,"column":18}},"loc":{"start":{"line":23,"column":37},"end":{"line":38,"column":1}},"line":23}},"branchMap":{},"s":{"0":3,"1":3,"2":3,"3":3,"4":3,"5":3,"6":3,"7":1,"8":1,"9":1,"10":0,"11":0,"12":3,"13":1,"14":1,"15":1,"16":1,"17":0,"18":0,"19":3},"f":{"0":1,"1":1},"b":{},"_coverageSchema":"1a1c01bbd47fc00a2c39e90264f33305004495a9","hash":"70f282e83b5f3d143e78855bb97f9fbcdae2c4e1"}
,"C:\\Users\\KIIT\\versopedia\\routes\\reflectionRoutes.js": {"path":"C:\\Users\\KIIT\\versopedia\\routes\\reflectionRoutes.js","statementMap":{"0":{"start":{"line":1,"column":16},"end":{"line":1,"column":34}},"1":{"start":{"line":2,"column":15},"end":{"line":2,"column":31}},"2":{"start":{"line":10,"column":4},"end":{"line":10,"column":50}},"3":{"start":{"line":13,"column":0},"end":{"line":13,"column":40}},"4":{"start":{"line":14,"column":0},"end":{"line":14,"column":47}},"5":{"start":{"line":15,"column":0},"end":{"line":15,"column":35}},"6":{"start":{"line":16,"column":0},"end":{"line":16,"column":35}},"7":{"start":{"line":17,"column":0},"end":{"line":17,"column":37}},"8":{"start":{"line":18,"column":0},"end":{"line":18,"column":40}},"9":{"start":{"line":20,"column":0},"end":{"line":20,"column":24}}},"fnMap":{},"branchMap":{},"s":{"0":3,"1":3,"2":3,"3":3,"4":3,"5":3,"6":3,"7":3,"8":3,"9":3},"f":{},"b":{},"_coverageSchema":"1a1c01bbd47fc00a2c39e90264f33305004495a9","hash":"a3ba9f3480c3c4623df77349530ac2ed33203b99"}
,"C:\\Users\\KIIT\\versopedia\\utils\\capitalizewords.js": {"path":"C:\\Users\\KIIT\\versopedia\\utils\\capitalizewords.js","statementMap":{"0":{"start":{"line":2,"column":2},"end":{"line":7,"column":15}},"1":{"start":{"line":6,"column":17},"end":{"line":6,"column":61}},"2":{"start":{"line":10,"column":0},"end":{"line":10,"column":37}}},"fnMap":{"0":{"name":"capitalizewords","decl":{"start":{"line":1,"column":9},"end":{"line":1,"column":24}},"loc":{"start":{"line":1,"column":35},"end":{"line":8,"column":1}},"line":1},"1":{"name":"(anonymous_1)","decl":{"start":{"line":6,"column":9},"end":{"line":6,"column":10}},"loc":{"start":{"line":6,"column":17},"end":{"line":6,"column":61}},"line":6}},"branchMap":{},"s":{"0":2,"1":7,"2":1},"f":{"0":2,"1":7},"b":{},"_coverageSchema":"1a1c01bbd47fc00a2c39e90264f33305004495a9","hash":"a3944f2180644de4237badd3fb659dd39dd0d065"}
,"C:\\Users\\KIIT\\versopedia\\utils\\formatpoem.js": {"path":"C:\\Users\\KIIT\\versopedia\\utils\\formatpoem.js","statementMap":{"0":{"start":{"line":2,"column":2},"end":{"line":2,"column":36}},"1":{"start":{"line":5,"column":0},"end":{"line":5,"column":32}}},"fnMap":{"0":{"name":"formatpoem","decl":{"start":{"line":1,"column":9},"end":{"line":1,"column":19}},"loc":{"start":{"line":1,"column":27},"end":{"line":3,"column":1}},"line":1}},"branchMap":{},"s":{"0":2,"1":1},"f":{"0":2},"b":{},"_coverageSchema":"1a1c01bbd47fc00a2c39e90264f33305004495a9","hash":"0a15c29e3df1f787df319cc2a7c5d63ccb589899"}
,"C:\\Users\\KIIT\\versopedia\\utils\\isvalidpoemlength.js": {"path":"C:\\Users\\KIIT\\versopedia\\utils\\isvalidpoemlength.js","statementMap":{"0":{"start":{"line":2,"column":2},"end":{"line":2,"column":56}},"1":{"start":{"line":5,"column":0},"end":{"line":5,"column":39}}},"fnMap":{"0":{"name":"isvalidpoemlength","decl":{"start":{"line":1,"column":9},"end":{"line":1,"column":26}},"loc":{"start":{"line":1,"column":58},"end":{"line":3,"column":1}},"line":1}},"branchMap":{"0":{"loc":{"start":{"line":1,"column":36},"end":{"line":1,"column":44}},"type":"default-arg","locations":[{"start":{"line":1,"column":42},"end":{"line":1,"column":44}}],"line":1},"1":{"loc":{"start":{"line":1,"column":46},"end":{"line":1,"column":56}},"type":"default-arg","locations":[{"start":{"line":1,"column":52},"end":{"line":1,"column":56}}],"line":1},"2":{"loc":{"start":{"line":2,"column":9},"end":{"line":2,"column":55}},"type":"binary-expr","locations":[{"start":{"line":2,"column":9},"end":{"line":2,"column":30}},{"start":{"line":2,"column":34},"end":{"line":2,"column":55}}],"line":2}},"s":{"0":3,"1":1},"f":{"0":3},"b":{"0":[3],"1":[3],"2":[3,2]},"_coverageSchema":"1a1c01bbd47fc00a2c39e90264f33305004495a9","hash":"f9a602c4f1d4cb74fbc93ef012b6eac8ca45524c"}
,"C:\\Users\\KIIT\\versopedia\\utils\\sanitizeinput.js": {"path":"C:\\Users\\KIIT\\versopedia\\utils\\sanitizeinput.js","statementMap":{"0":{"start":{"line":2,"column":2},"end":{"line":2,"column":43}},"1":{"start":{"line":5,"column":0},"end":{"line":5,"column":35}}},"fnMap":{"0":{"name":"sanitizeinput","decl":{"start":{"line":1,"column":9},"end":{"line":1,"column":22}},"loc":{"start":{"line":1,"column":30},"end":{"line":3,"column":1}},"line":1}},"branchMap":{},"s":{"0":2,"1":1},"f":{"0":2},"b":{},"_coverageSchema":"1a1c01bbd47fc00a2c39e90264f33305004495a9","hash":"7d7bd09c47e3fbb28f2bda1960f4f8d5a124f4a2"}
}
