TN:
SF:app.js
FNF:0
FNH:0
DA:1,3
DA:2,3
DA:4,3
DA:5,3
DA:7,3
DA:9,3
DA:10,3
DA:12,3
DA:13,3
DA:15,3
LF:10
LH:10
BRF:0
BRH:0
end_of_record
TN:
SF:controllers\poemController.js
FN:5,(anonymous_0)
FNF:1
FNH:0
FNDA:0,(anonymous_0)
DA:1,3
DA:2,3
DA:5,3
DA:6,0
DA:8,0
DA:9,0
DA:17,0
DA:18,0
DA:21,0
DA:23,0
DA:24,0
DA:28,3
LF:12
LH:4
BRDA:17,0,0,0
BRDA:17,0,1,0
BRF:2
BRH:0
end_of_record
TN:
SF:controllers\reflectionController.js
FN:5,(anonymous_0)
FN:31,(anonymous_1)
FN:46,(anonymous_2)
FN:59,(anonymous_3)
FN:77,(anonymous_4)
FN:96,(anonymous_5)
FNF:6
FNH:4
FNDA:1,(anonymous_0)
FNDA:0,(anonymous_1)
FNDA:1,(anonymous_2)
FNDA:1,(anonymous_3)
FNDA:1,(anonymous_4)
FNDA:0,(anonymous_5)
DA:1,3
DA:2,3
DA:5,3
DA:6,1
DA:7,1
DA:9,1
DA:11,1
DA:23,1
DA:25,0
DA:26,0
DA:31,3
DA:32,0
DA:33,0
DA:34,0
DA:38,0
DA:40,0
DA:41,0
DA:46,3
DA:47,1
DA:48,1
DA:49,1
DA:52,1
DA:54,0
DA:55,0
DA:59,3
DA:60,1
DA:61,1
DA:70,1
DA:72,0
DA:73,0
DA:77,3
DA:78,1
DA:79,1
DA:81,1
DA:82,1
DA:87,1
DA:89,0
DA:90,0
DA:96,3
DA:97,0
DA:99,0
DA:100,0
DA:101,0
DA:103,0
DA:104,0
DA:106,0
DA:108,0
DA:109,0
DA:118,0
DA:119,0
DA:122,0
DA:124,0
DA:125,0
DA:131,3
LF:54
LH:26
BRDA:118,0,0,0
BRDA:118,0,1,0
BRF:2
BRH:0
end_of_record
TN:
SF:routes\poemRoutes.js
FN:12,(anonymous_0)
FN:23,(anonymous_1)
FNF:2
FNH:2
FNDA:1,(anonymous_0)
FNDA:1,(anonymous_1)
DA:1,3
DA:2,3
DA:3,3
DA:5,3
DA:6,3
DA:9,3
DA:12,3
DA:13,1
DA:14,1
DA:15,1
DA:17,0
DA:18,0
DA:23,3
DA:24,1
DA:25,1
DA:26,1
DA:33,1
DA:35,0
DA:36,0
DA:40,3
LF:20
LH:16
BRF:0
BRH:0
end_of_record
TN:
SF:routes\reflectionRoutes.js
FNF:0
FNH:0
DA:1,3
DA:2,3
DA:10,3
DA:13,3
DA:14,3
DA:15,3
DA:16,3
DA:17,3
DA:18,3
DA:20,3
LF:10
LH:10
BRF:0
BRH:0
end_of_record
TN:
SF:utils\capitalizewords.js
FN:1,capitalizewords
FN:6,(anonymous_1)
FNF:2
FNH:2
FNDA:2,capitalizewords
FNDA:7,(anonymous_1)
DA:2,2
DA:6,7
DA:10,1
LF:3
LH:3
BRF:0
BRH:0
end_of_record
TN:
SF:utils\formatpoem.js
FN:1,formatpoem
FNF:1
FNH:1
FNDA:2,formatpoem
DA:2,2
DA:5,1
LF:2
LH:2
BRF:0
BRH:0
end_of_record
TN:
SF:utils\isvalidpoemlength.js
FN:1,isvalidpoemlength
FNF:1
FNH:1
FNDA:3,isvalidpoemlength
DA:2,3
DA:5,1
LF:2
LH:2
BRDA:1,0,0,3
BRDA:1,1,0,3
BRDA:2,2,0,3
BRDA:2,2,1,2
BRF:4
BRH:4
end_of_record
TN:
SF:utils\sanitizeinput.js
FN:1,sanitizeinput
FNF:1
FNH:1
FNDA:2,sanitizeinput
DA:2,2
DA:5,1
LF:2
LH:2
BRF:0
BRH:0
end_of_record
